<?xml version="1.0" encoding="UTF-8"?>
<!-- Generated by org.testng.reporters.JUnitXMLReporter -->
<testsuite ignored="0" hostname="sabari" failures="0" tests="4" name="Default test" time="88.371" errors="0" timestamp="2022-08-30T16:54:18 IST">
  <testcase classname="com.ecommerceDomain.Scripts.TestCase2" name="testcase2" time="18.942"/>
  <testcase classname="com.ecommerceDomain.Scripts.TestCase2" name="testcase2" time="18.444"/>
  <testcase classname="com.ecommerceDomain.Scripts.TestCase2" name="testcase2" time="18.667"/>
  <testcase classname="com.ecommerceDomain.Scripts.TestCase2" name="testcase2" time="18.656"/>
</testsuite> <!-- Default test -->
