<?xml version="1.0" encoding="UTF-8"?>
<testng-results ignored="0" total="4" passed="4" failed="0" skipped="0">
  <reporter-output>
  </reporter-output>
  <suite started-at="2022-08-30T16:52:50 IST" name="Default suite" finished-at="2022-08-30T16:54:18 IST" duration-ms="88371">
    <groups>
    </groups>
    <test started-at="2022-08-30T16:52:50 IST" name="Default test" finished-at="2022-08-30T16:54:18 IST" duration-ms="88371">
      <class name="com.ecommerceDomain.Scripts.TestCase2">
        <test-method is-config="true" signature="configBS()[pri:0, instance:com.ecommerceDomain.Scripts.TestCase2@694abbdc]" started-at="2022-08-30T16:52:50 IST" name="configBS" finished-at="2022-08-30T16:52:50 IST" duration-ms="187" status="PASS">
          <reporter-output>
          </reporter-output>
        </test-method> <!-- configBS -->
        <test-method is-config="true" signature="openApp()[pri:0, instance:com.ecommerceDomain.Scripts.TestCase2@694abbdc]" started-at="2022-08-30T16:52:51 IST" name="openApp" finished-at="2022-08-30T16:52:54 IST" duration-ms="3157" status="PASS">
          <reporter-output>
          </reporter-output>
        </test-method> <!-- openApp -->
        <test-method signature="testcase2(java.lang.String,java.lang.String,java.lang.String,java.lang.String)[pri:0, instance:com.ecommerceDomain.Scripts.TestCase2@694abbdc]" started-at="2022-08-30T16:52:54 IST" name="testcase2" data-provider="readExceldata" finished-at="2022-08-30T16:53:13 IST" duration-ms="18942" status="PASS">
          <params>
            <param index="0">
              <value>
                <![CDATA[Ramesh]]>
              </value>
            </param>
            <param index="1">
              <value>
                <![CDATA[ramesh@gmail.com]]>
              </value>
            </param>
            <param index="2">
              <value>
                <![CDATA[Selenium]]>
              </value>
            </param>
            <param index="3">
              <value>
                <![CDATA[test request plz don't consider]]>
              </value>
            </param>
          </params>
          <reporter-output>
          </reporter-output>
        </test-method> <!-- testcase2 -->
        <test-method is-config="true" signature="closeApp(org.testng.ITestResult)[pri:0, instance:com.ecommerceDomain.Scripts.TestCase2@694abbdc]" started-at="2022-08-30T16:53:13 IST" name="closeApp" finished-at="2022-08-30T16:53:13 IST" duration-ms="406" status="PASS">
          <params>
            <param index="0">
              <value>
                <![CDATA[[TestResult name=testcase2 status=SUCCESS method=TestCase2.testcase2(java.lang.String,java.lang.String,java.lang.String,java.lang.String)[pri:0, instance:com.ecommerceDomain.Scripts.TestCase2@694abbdc] output={null}]]]>
              </value>
            </param>
          </params>
          <reporter-output>
          </reporter-output>
        </test-method> <!-- closeApp -->
        <test-method is-config="true" signature="openApp()[pri:0, instance:com.ecommerceDomain.Scripts.TestCase2@694abbdc]" started-at="2022-08-30T16:53:13 IST" name="openApp" finished-at="2022-08-30T16:53:17 IST" duration-ms="3511" status="PASS">
          <reporter-output>
          </reporter-output>
        </test-method> <!-- openApp -->
        <test-method signature="testcase2(java.lang.String,java.lang.String,java.lang.String,java.lang.String)[pri:0, instance:com.ecommerceDomain.Scripts.TestCase2@694abbdc]" started-at="2022-08-30T16:53:17 IST" name="testcase2" data-provider="readExceldata" finished-at="2022-08-30T16:53:35 IST" duration-ms="18444" status="PASS">
          <params>
            <param index="0">
              <value>
                <![CDATA[likith]]>
              </value>
            </param>
            <param index="1">
              <value>
                <![CDATA[likith@gmail.com]]>
              </value>
            </param>
            <param index="2">
              <value>
                <![CDATA[java]]>
              </value>
            </param>
            <param index="3">
              <value>
                <![CDATA[test request plz don't consider]]>
              </value>
            </param>
          </params>
          <reporter-output>
          </reporter-output>
        </test-method> <!-- testcase2 -->
        <test-method is-config="true" signature="closeApp(org.testng.ITestResult)[pri:0, instance:com.ecommerceDomain.Scripts.TestCase2@694abbdc]" started-at="2022-08-30T16:53:35 IST" name="closeApp" finished-at="2022-08-30T16:53:35 IST" duration-ms="413" status="PASS">
          <params>
            <param index="0">
              <value>
                <![CDATA[[TestResult name=testcase2 status=SUCCESS method=TestCase2.testcase2(java.lang.String,java.lang.String,java.lang.String,java.lang.String)[pri:0, instance:com.ecommerceDomain.Scripts.TestCase2@694abbdc] output={null}]]]>
              </value>
            </param>
          </params>
          <reporter-output>
          </reporter-output>
        </test-method> <!-- closeApp -->
        <test-method is-config="true" signature="openApp()[pri:0, instance:com.ecommerceDomain.Scripts.TestCase2@694abbdc]" started-at="2022-08-30T16:53:35 IST" name="openApp" finished-at="2022-08-30T16:53:38 IST" duration-ms="2300" status="PASS">
          <reporter-output>
          </reporter-output>
        </test-method> <!-- openApp -->
        <test-method signature="testcase2(java.lang.String,java.lang.String,java.lang.String,java.lang.String)[pri:0, instance:com.ecommerceDomain.Scripts.TestCase2@694abbdc]" started-at="2022-08-30T16:53:38 IST" name="testcase2" data-provider="readExceldata" finished-at="2022-08-30T16:53:56 IST" duration-ms="18667" status="PASS">
          <params>
            <param index="0">
              <value>
                <![CDATA[sarath]]>
              </value>
            </param>
            <param index="1">
              <value>
                <![CDATA[saran@gmail.com]]>
              </value>
            </param>
            <param index="2">
              <value>
                <![CDATA[python]]>
              </value>
            </param>
            <param index="3">
              <value>
                <![CDATA[test request plz don't consider]]>
              </value>
            </param>
          </params>
          <reporter-output>
          </reporter-output>
        </test-method> <!-- testcase2 -->
        <test-method is-config="true" signature="closeApp(org.testng.ITestResult)[pri:0, instance:com.ecommerceDomain.Scripts.TestCase2@694abbdc]" started-at="2022-08-30T16:53:56 IST" name="closeApp" finished-at="2022-08-30T16:53:57 IST" duration-ms="340" status="PASS">
          <params>
            <param index="0">
              <value>
                <![CDATA[[TestResult name=testcase2 status=SUCCESS method=TestCase2.testcase2(java.lang.String,java.lang.String,java.lang.String,java.lang.String)[pri:0, instance:com.ecommerceDomain.Scripts.TestCase2@694abbdc] output={null}]]]>
              </value>
            </param>
          </params>
          <reporter-output>
          </reporter-output>
        </test-method> <!-- closeApp -->
        <test-method is-config="true" signature="openApp()[pri:0, instance:com.ecommerceDomain.Scripts.TestCase2@694abbdc]" started-at="2022-08-30T16:53:57 IST" name="openApp" finished-at="2022-08-30T16:53:59 IST" duration-ms="2427" status="PASS">
          <reporter-output>
          </reporter-output>
        </test-method> <!-- openApp -->
        <test-method signature="testcase2(java.lang.String,java.lang.String,java.lang.String,java.lang.String)[pri:0, instance:com.ecommerceDomain.Scripts.TestCase2@694abbdc]" started-at="2022-08-30T16:53:59 IST" name="testcase2" data-provider="readExceldata" finished-at="2022-08-30T16:54:18 IST" duration-ms="18656" status="PASS">
          <params>
            <param index="0">
              <value>
                <![CDATA[saran]]>
              </value>
            </param>
            <param index="1">
              <value>
                <![CDATA[sad12@gmail.com]]>
              </value>
            </param>
            <param index="2">
              <value>
                <![CDATA[.net]]>
              </value>
            </param>
            <param index="3">
              <value>
                <![CDATA[test request plz don't consider]]>
              </value>
            </param>
          </params>
          <reporter-output>
          </reporter-output>
        </test-method> <!-- testcase2 -->
        <test-method is-config="true" signature="closeApp(org.testng.ITestResult)[pri:0, instance:com.ecommerceDomain.Scripts.TestCase2@694abbdc]" started-at="2022-08-30T16:54:18 IST" name="closeApp" finished-at="2022-08-30T16:54:18 IST" duration-ms="438" status="PASS">
          <params>
            <param index="0">
              <value>
                <![CDATA[[TestResult name=testcase2 status=SUCCESS method=TestCase2.testcase2(java.lang.String,java.lang.String,java.lang.String,java.lang.String)[pri:0, instance:com.ecommerceDomain.Scripts.TestCase2@694abbdc] output={null}]]]>
              </value>
            </param>
          </params>
          <reporter-output>
          </reporter-output>
        </test-method> <!-- closeApp -->
        <test-method is-config="true" signature="configAS()[pri:0, instance:com.ecommerceDomain.Scripts.TestCase2@694abbdc]" started-at="2022-08-30T16:54:18 IST" name="configAS" finished-at="2022-08-30T16:54:19 IST" duration-ms="398" status="FAIL">
          <exception class="java.lang.NullPointerException">
            <message>
              <![CDATA[Cannot invoke "java.sql.Connection.close()" because "com.ecommerceDomain.Wipro.genericlib.FileUtilities.con" is null]]>
            </message>
            <full-stacktrace>
              <![CDATA[java.lang.NullPointerException: Cannot invoke "java.sql.Connection.close()" because "com.ecommerceDomain.Wipro.genericlib.FileUtilities.con" is null
at com.ecommerceDomain.Wipro.genericlib.FileUtilities.closedb(FileUtilities.java:99)
at com.ecommerceDomain.Wipro.genericlib.BaseClass.configAS(BaseClass.java:70)
at java.base/jdk.internal.reflect.DirectMethodHandleAccessor.invoke(DirectMethodHandleAccessor.java:104)
at java.base/java.lang.reflect.Method.invoke(Method.java:577)
at org.testng.internal.MethodInvocationHelper.invokeMethod(MethodInvocationHelper.java:133)
at org.testng.internal.MethodInvocationHelper.invokeMethodConsideringTimeout(MethodInvocationHelper.java:62)
at org.testng.internal.ConfigInvoker.invokeConfigurationMethod(ConfigInvoker.java:385)
at org.testng.internal.ConfigInvoker.invokeConfigurations(ConfigInvoker.java:321)
at org.testng.SuiteRunner.privateRun(SuiteRunner.java:344)
at org.testng.SuiteRunner.run(SuiteRunner.java:276)
at org.testng.SuiteRunnerWorker.runSuite(SuiteRunnerWorker.java:53)
at org.testng.SuiteRunnerWorker.run(SuiteRunnerWorker.java:96)
at org.testng.TestNG.runSuitesSequentially(TestNG.java:1212)
at org.testng.TestNG.runSuitesLocally(TestNG.java:1134)
at org.testng.TestNG.runSuites(TestNG.java:1063)
at org.testng.TestNG.run(TestNG.java:1031)
at org.testng.remote.AbstractRemoteTestNG.run(AbstractRemoteTestNG.java:115)
at org.testng.remote.RemoteTestNG.initAndRun(RemoteTestNG.java:251)
at org.testng.remote.RemoteTestNG.main(RemoteTestNG.java:77)
]]>
            </full-stacktrace>
          </exception> <!-- java.lang.NullPointerException -->
          <reporter-output>
          </reporter-output>
        </test-method> <!-- configAS -->
      </class> <!-- com.ecommerceDomain.Scripts.TestCase2 -->
    </test> <!-- Default test -->
  </suite> <!-- Default suite -->
</testng-results>
